<?xml version="1.0" encoding="UTF-8" ?>

<testsuite failures="0" time="0.317" errors="0" skipped="0" tests="3" name="BasicTest">
  <testcase classname="BasicTest" name="crearEquipAndAfegirJugador" time="0.301">
      </testcase>
  <testcase classname="BasicTest" name="afegirNouJugador" time="0">
      </testcase>
  <testcase classname="BasicTest" name="trobarJugador" time="0.016">
      </testcase>
</testsuite>